<?xml version="1.0" encoding="UTF-8"?>
<!-- Generated by org.testng.reporters.JUnitXMLReporter -->
<testsuite ignored="0" hostname="LAPTOP-R1C2DS9T" failures="0" tests="14" name="Test" time="64.141" errors="0" timestamp="14 Jun 2023 15:59:53 GMT">
  <testcase classname="com.tutorialsninja.qa.testcases.LoginPageTest" name="loginWithValidCredentials" time="1.022"/>
  <testcase classname="com.tutorialsninja.qa.testcases.LoginPageTest" name="loginWithValidCredentials" time="0.87"/>
  <testcase classname="com.tutorialsninja.qa.testcases.LoginPageTest" name="loginWithValidCredentials" time="1.005"/>
  <testcase classname="com.tutorialsninja.qa.testcases.SearchPageTest" name="SearchWithValidProduct" time="0.599"/>
  <testcase classname="com.tutorialsninja.qa.testcases.RegisterPageTest" name="registerWithMandatoryFields" time="1.672"/>
  <testcase classname="com.tutorialsninja.qa.testcases.LoginPageTest" name="loginWithInvalidCredentials" time="1.372"/>
  <testcase classname="com.tutorialsninja.qa.testcases.SearchPageTest" name="SearchWithInValidProduct" time="0.452"/>
  <testcase classname="com.tutorialsninja.qa.testcases.RegisterPageTest" name="registerWithAllFields" time="1.696"/>
  <testcase classname="com.tutorialsninja.qa.testcases.LoginPageTest" name="loginWithValidEmailInvalidPassword" time="0.897"/>
  <testcase classname="com.tutorialsninja.qa.testcases.SearchPageTest" name="SearchWithoutAnyProduct" time="0.327"/>
  <testcase classname="com.tutorialsninja.qa.testcases.RegisterPageTest" name="verifyResteringWithAlreadyExistingAccount" time="1.152"/>
  <testcase classname="com.tutorialsninja.qa.testcases.LoginPageTest" name="loginWithInvalidEmailValidPassword" time="0.692"/>
  <testcase classname="com.tutorialsninja.qa.testcases.RegisterPageTest" name="registerWithoutInput" time="0.546"/>
  <testcase classname="com.tutorialsninja.qa.testcases.LoginPageTest" name="loginWithoutCredentials" time="0.398"/>
</testsuite> <!-- Test -->
